MyApplication/app/build/intermediates/manifest_merge_blame_file/release/manifest-merger-blame-release-report.txt
1<?xml version="1.0" encoding="utf-8"?>
2<manifest xmlns:android="http://schemas.android.com/apk/res/android"
3    package="edu.example.myapplication"
4    android:versionCode="1"
5    android:versionName="1.0" >
6
7    <uses-sdk
8        android:minSdkVersion="28"
8-->src\main\AndroidManifest.xml
9        android:targetSdkVersion="33" />
9-->src\main\AndroidManifest.xml
10
11    <application
11-->src\main\AndroidManifest.xml:5:5-57:19
12        android:allowBackup="true"
12-->src\main\AndroidManifest.xml:6:9-35
13        android:appComponentFactory="androidx.core.app.CoreComponentFactory"
13-->[androidx.core:core:1.7.0] AndroidManifest.xml:24:18-86
14        android:dataExtractionRules="@xml/data_extraction_rules"
14-->src\main\AndroidManifest.xml:7:9-65
15        android:extractNativeLibs="false"
16        android:fullBackupContent="@xml/backup_rules"
16-->src\main\AndroidManifest.xml:8:9-54
17        android:icon="@mipmap/loguito"
17-->src\main\AndroidManifest.xml:9:9-39
18        android:label="@string/app_name"
18-->src\main\AndroidManifest.xml:10:9-41
19        android:roundIcon="@mipmap/loguito_round"
19-->src\main\AndroidManifest.xml:11:9-50
20        android:supportsRtl="true"
20-->src\main\AndroidManifest.xml:12:9-35
21        android:theme="@style/Theme.MyApplication" >
21-->src\main\AndroidManifest.xml:13:9-51
22        <activity
22-->src\main\AndroidManifest.xml:15:9-17:40
23            android:name="edu.example.myapplication.Formulas"
23-->src\main\AndroidManifest.xml:16:13-62
24            android:exported="false" />
24-->src\main\AndroidManifest.xml:17:13-37
25        <activity
25-->src\main\AndroidManifest.xml:18:9-20:40
26            android:name="edu.example.myapplication.FlujoMagnetico"
26-->src\main\AndroidManifest.xml:19:13-68
27            android:exported="false" />
27-->src\main\AndroidManifest.xml:20:13-37
28        <activity
28-->src\main\AndroidManifest.xml:21:9-23:40
29            android:name="edu.example.myapplication.HelmHoltz"
29-->src\main\AndroidManifest.xml:22:13-63
30            android:exported="false" />
30-->src\main\AndroidManifest.xml:23:13-37
31        <activity
31-->src\main\AndroidManifest.xml:24:9-26:40
32            android:name="edu.example.myapplication.LAmpere"
32-->src\main\AndroidManifest.xml:25:13-61
33            android:exported="false" />
33-->src\main\AndroidManifest.xml:26:13-37
34        <activity
34-->src\main\AndroidManifest.xml:27:9-29:40
35            android:name="edu.example.myapplication.FMCorriente"
35-->src\main\AndroidManifest.xml:28:13-65
36            android:exported="false" />
36-->src\main\AndroidManifest.xml:29:13-37
37        <activity
37-->src\main\AndroidManifest.xml:30:9-32:40
38            android:name="edu.example.myapplication.FMCarga"
38-->src\main\AndroidManifest.xml:31:13-61
39            android:exported="false" />
39-->src\main\AndroidManifest.xml:32:13-37
40        <activity
40-->src\main\AndroidManifest.xml:33:9-35:40
41            android:name="edu.example.myapplication.OpcionesMagnetismo"
41-->src\main\AndroidManifest.xml:34:13-72
42            android:exported="false" />
42-->src\main\AndroidManifest.xml:35:13-37
43        <activity
43-->src\main\AndroidManifest.xml:36:9-38:40
44            android:name="edu.example.myapplication.MUA"
44-->src\main\AndroidManifest.xml:37:13-57
45            android:exported="false" />
45-->src\main\AndroidManifest.xml:38:13-37
46        <activity
46-->src\main\AndroidManifest.xml:39:9-41:40
47            android:name="edu.example.myapplication.CaidaLibre"
47-->src\main\AndroidManifest.xml:40:13-64
48            android:exported="false" />
48-->src\main\AndroidManifest.xml:41:13-37
49        <activity
49-->src\main\AndroidManifest.xml:42:9-44:40
50            android:name="edu.example.myapplication.OpcionesMecanica"
50-->src\main\AndroidManifest.xml:43:13-70
51            android:exported="false" />
51-->src\main\AndroidManifest.xml:44:13-37
52        <activity
52-->src\main\AndroidManifest.xml:45:9-47:40
53            android:name="edu.example.myapplication.MainMenu"
53-->src\main\AndroidManifest.xml:46:13-62
54            android:exported="false" />
54-->src\main\AndroidManifest.xml:47:13-37
55        <activity
55-->src\main\AndroidManifest.xml:48:9-56:20
56            android:name="edu.example.myapplication.Splash"
56-->src\main\AndroidManifest.xml:49:13-60
57            android:exported="true" >
57-->src\main\AndroidManifest.xml:50:13-36
58            <intent-filter>
58-->src\main\AndroidManifest.xml:51:13-55:29
59                <action android:name="android.intent.action.MAIN" />
59-->src\main\AndroidManifest.xml:52:17-69
59-->src\main\AndroidManifest.xml:52:25-66
60
61                <category android:name="android.intent.category.LAUNCHER" />
61-->src\main\AndroidManifest.xml:54:17-77
61-->src\main\AndroidManifest.xml:54:27-74
62            </intent-filter>
63        </activity>
64
65        <provider
65-->[androidx.emoji2:emoji2:1.0.0] AndroidManifest.xml:26:9-34:20
66            android:name="androidx.startup.InitializationProvider"
66-->[androidx.emoji2:emoji2:1.0.0] AndroidManifest.xml:27:13-67
67            android:authorities="edu.example.myapplication.androidx-startup"
67-->[androidx.emoji2:emoji2:1.0.0] AndroidManifest.xml:28:13-68
68            android:exported="false" >
68-->[androidx.emoji2:emoji2:1.0.0] AndroidManifest.xml:29:13-37
69            <meta-data
69-->[androidx.emoji2:emoji2:1.0.0] AndroidManifest.xml:31:13-33:52
70                android:name="androidx.emoji2.text.EmojiCompatInitializer"
70-->[androidx.emoji2:emoji2:1.0.0] AndroidManifest.xml:32:17-75
71                android:value="androidx.startup" />
71-->[androidx.emoji2:emoji2:1.0.0] AndroidManifest.xml:33:17-49
72            <meta-data
72-->[androidx.lifecycle:lifecycle-process:2.4.0] AndroidManifest.xml:31:13-33:52
73                android:name="androidx.lifecycle.ProcessLifecycleInitializer"
73-->[androidx.lifecycle:lifecycle-process:2.4.0] AndroidManifest.xml:32:17-78
74                android:value="androidx.startup" />
74-->[androidx.lifecycle:lifecycle-process:2.4.0] AndroidManifest.xml:33:17-49
75        </provider>
76    </application>
77
78</manifest>